<?xml version="1.0" encoding="UTF-8"?>
<!-- Generated by org.testng.reporters.JUnitReportReporter -->
<testsuite hostname="QSP" failures="0" tests="1" name="scripts.Testcase2" time="43.570" errors="0" timestamp="2022-05-21T08:14:14 IST" skipped="0">
  <testcase classname="scripts.Testcase2" name="tc2" time="43.570"/>
</testsuite> <!-- scripts.Testcase2 -->
