<?xml version="1.0" encoding="UTF-8"?>
<!-- Generated by org.testng.reporters.JUnitReportReporter -->
<testsuite hostname="QSP" failures="0" tests="1" name="scripts.Testcase3" time="33.303" errors="0" timestamp="2022-05-21T08:08:16 IST" skipped="0">
  <testcase classname="scripts.Testcase3" name="tc3" time="33.303"/>
</testsuite> <!-- scripts.Testcase3 -->
